This is LuaTeX, Version 0.95.0 (TeX Live 2016)  (format=lualatex 2016.6.28)  24 DEC 2016 15:58
 restricted system commands enabled.
 file:line:error style messages enabled.
**chipre.tex
(./chipre.tex
LaTeX2e <2016/03/31>
Babel <3.9r> and hyphenation patterns for 1 language(s) loaded.
(/usr/local/texlive/2016/texmf-dist/tex/latex/base/book.cls
Document Class: book 2014/09/29 v1.4h Standard LaTeX document class
(/usr/local/texlive/2016/texmf-dist/tex/latex/base/bk12.clo
File: bk12.clo 2014/09/29 v1.4h Standard LaTeX file (size option)
)
\c@part=\count79
\c@chapter=\count80
\c@section=\count81
\c@subsection=\count82
\c@subsubsection=\count83
\c@paragraph=\count84
\c@subparagraph=\count85
\c@figure=\count86
\c@table=\count87
\abovecaptionskip=\skip41
\belowcaptionskip=\skip42
\bibindent=\dimen102
) (/usr/local/texlive/2016/texmf-dist/tex/latex/graphics/graphicx.sty
Package: graphicx 2014/10/28 v1.0g Enhanced LaTeX Graphics (DPC,SPQR)
 (/usr/local/texlive/2016/texmf-dist/tex/latex/graphics/keyval.sty
Package: keyval 2014/10/28 v1.15 key=value parser (DPC)
\KV@toks@=\toks14
) (/usr/local/texlive/2016/texmf-dist/tex/latex/graphics/graphics.sty
Package: graphics 2016/05/09 v1.0r Standard LaTeX Graphics (DPC,SPQR)
 (/usr/local/texlive/2016/texmf-dist/tex/latex/graphics/trig.sty
Package: trig 2016/01/03 v1.10 sin cos tan (DPC)
) (/usr/local/texlive/2016/texmf-dist/tex/latex/graphics-cfg/graphics.cfg
File: graphics.cfg 2016/01/02 v1.10 sample graphics configuration
)
Package graphics Info: Driver file: luatex.def on input line 96.
 (/usr/local/texlive/2016/texmf-dist/tex/lualatex/luatex-def/luatex.def
File: luatex.def 2016/01/23 v0.01b Graphics/Color for luaTeX
 (/usr/local/texlive/2016/texmf-dist/tex/generic/oberdiek/infwarerr.sty
Package: infwarerr 2016/05/16 v1.4 Providing info/warning/error messages (HO)
) (/usr/local/texlive/2016/texmf-dist/tex/generic/oberdiek/ltxcmds.sty
Package: ltxcmds 2016/05/16 v1.23 LaTeX kernel commands for general use (HO)
)
\Gread@gobject=\count88
))
\Gin@req@height=\dimen103
\Gin@req@width=\dimen104
) (/usr/local/texlive/2016/texmf-dist/tex/latex/natbib/natbib.sty
Package: natbib 2010/09/13 8.31b (PWD, AO)
\bibhang=\skip43
\bibsep=\skip44
LaTeX Info: Redefining \cite on input line 694.
\c@NAT@ctr=\count89
) (/usr/local/texlive/2016/texmf-dist/tex/generic/babel/babel.sty
Package: babel 2016/04/23 3.9r The Babel package
 (/usr/local/texlive/2016/texmf-dist/tex/generic/babel/luababel.def
\l@dumylang=\language1
\l@nohyphenation=\language2
\l@german-x-2014-05-21=\language3
\l@ngerman-x-2014-05-21=\language4
\l@afrikaans=\language5
\l@ancientgreek=\language6
\l@ibycus=\language7
\l@arabic=\language8
\l@armenian=\language9
\l@basque=\language10
\l@bulgarian=\language11
\l@catalan=\language12
\l@pinyin=\language13
\l@churchslavonic=\language14
\l@coptic=\language15
\l@croatian=\language16
\l@czech=\language17
\l@danish=\language18
\l@dutch=\language19
\l@ukenglish=\language20
\l@usenglishmax=\language21
\l@esperanto=\language22
\l@estonian=\language23
\l@ethiopic=\language24
\l@farsi=\language25
\l@finnish=\language26
\l@french=\language27
\l@friulan=\language28
\l@galician=\language29
\l@georgian=\language30
\l@german=\language31
\l@ngerman=\language32
\l@swissgerman=\language33
\l@monogreek=\language34
\l@greek=\language35
\l@hungarian=\language36
\l@icelandic=\language37
\l@assamese=\language38
\l@bengali=\language39
\l@gujarati=\language40
\l@hindi=\language41
\l@kannada=\language42
\l@malayalam=\language43
\l@marathi=\language44
\l@oriya=\language45
\l@panjabi=\language46
\l@tamil=\language47
\l@telugu=\language48
\l@indonesian=\language49
\l@interlingua=\language50
\l@irish=\language51
\l@italian=\language52
\l@kurmanji=\language53
\l@latin=\language54
\l@classiclatin=\language55
\l@liturgicallatin=\language56
\l@latvian=\language57
\l@lithuanian=\language58
\l@mongolian=\language59
\l@mongolianlmc=\language60
\l@bokmal=\language61
\l@nynorsk=\language62
\l@occitan=\language63
\l@piedmontese=\language64
\l@polish=\language65
\l@portuguese=\language66
\l@romanian=\language67
\l@romansh=\language68
\l@russian=\language69
\l@sanskrit=\language70
\l@serbian=\language71
\l@serbianc=\language72
\l@slovak=\language73
\l@slovenian=\language74
\l@spanish=\language75
\l@swedish=\language76
\l@thai=\language77
\l@turkish=\language78
\l@turkmen=\language79
\l@ukrainian=\language80
\l@uppersorbian=\language81
\l@welsh=\language82
) (/usr/local/texlive/2016/texmf-dist/tex/generic/babel-spanish/spanish.ldf
Language: spanish.ldf 2016/03/03 v5.0p Spanish support from the babel system
 (/usr/local/texlive/2016/texmf-dist/tex/generic/babel/babel.def
File: babel.def 2016/04/23 3.9r Babel common definitions
\babel@savecnt=\count90
\U@D=\dimen105

(/usr/local/texlive/2016/texmf-dist/tex/generic/babel/luababel.def))
\es@quottoks=\toks15
\es@quotdepth=\count91
Package babel Info: Making " an active character on input line 561.
Package babel Info: Making . an active character on input line 662.
Package babel Info: Making < an active character on input line 707.
Package babel Info: Making > an active character on input line 707.
 (/usr/local/texlive/2016/texmf-dist/tex/generic/hyph-utf8/loadhyph/loadhyph-es.tex UTF-8 Spanish hyphenation patterns (/usr/local/texlive/2016/texmf-dist/tex/generic/hyph-utf8/patterns/tex/hyph-es.tex)))) (/usr/local/texlive/2016/texmf-dist/tex/latex/graphics/epsfig.sty
Package: epsfig 1999/02/16 v1.7a (e)psfig emulation (SPQR)
\epsfxsize=\dimen106
\epsfysize=\dimen107
) (/usr/local/texlive/2016/texmf-dist/tex/latex/rotating/rotating.sty
Package: rotating 2009/03/28 v2.16a rotated objects in LaTeX
 (/usr/local/texlive/2016/texmf-dist/tex/latex/base/ifthen.sty
Package: ifthen 2014/09/29 v1.1c Standard LaTeX ifthen package (DPC)
)
\c@r@tfl@t=\count92
\rotFPtop=\skip45
\rotFPbot=\skip46
\rot@float@box=\box26
\rot@mess@toks=\toks16
) (/usr/local/texlive/2016/texmf-dist/tex/latex/amsmath/amsmath.sty
Package: amsmath 2016/03/10 v2.15b AMS math features
\@mathmargin=\skip47

For additional information on amsmath, use the `?' option.
(/usr/local/texlive/2016/texmf-dist/tex/latex/amsmath/amstext.sty
Package: amstext 2000/06/29 v2.01 AMS text
 (/usr/local/texlive/2016/texmf-dist/tex/latex/amsmath/amsgen.sty
File: amsgen.sty 1999/11/30 v2.0 generic functions
\@emptytoks=\toks17
\ex@=\dimen108
)) (/usr/local/texlive/2016/texmf-dist/tex/latex/amsmath/amsbsy.sty
Package: amsbsy 1999/11/29 v1.2d Bold Symbols
\pmbraise@=\dimen109
) (/usr/local/texlive/2016/texmf-dist/tex/latex/amsmath/amsopn.sty
Package: amsopn 2016/03/08 v2.02 operator names
)
\inf@bad=\count93
LaTeX Info: Redefining \frac on input line 199.
\uproot@=\count94
\leftroot@=\count95
LaTeX Info: Redefining \overline on input line 297.
\classnum@=\count96
\DOTSCASE@=\count97
LaTeX Info: Redefining \ldots on input line 394.
LaTeX Info: Redefining \dots on input line 397.
LaTeX Info: Redefining \cdots on input line 518.
\Mathstrutbox@=\box27
\strutbox@=\box28
\big@size=\dimen110
LaTeX Font Info:    Redeclaring font encoding OML on input line 634.
LaTeX Font Info:    Redeclaring font encoding OMS on input line 635.
\macc@depth=\count98
\c@MaxMatrixCols=\count99
\dotsspace@=\muskip10
\c@parentequation=\count100
\dspbrk@lvl=\count101
\tag@help=\toks18
\row@=\count102
\column@=\count103
\maxfields@=\count104
\andhelp@=\toks19
\eqnshift@=\dimen111
\alignsep@=\dimen112
\tagshift@=\dimen113
\tagwidth@=\dimen114
\totwidth@=\dimen115
\lineht@=\dimen116
\@envbody=\toks20
\multlinegap=\skip48
\multlinetaggap=\skip49
\mathdisplay@stack=\toks21
LaTeX Info: Redefining \[ on input line 2739.
LaTeX Info: Redefining \] on input line 2740.
) (/Users/mmngreco/Library/texmf/tex/latex/commmonstuff/slashbox/slashbox.sty
slashbox style by K.Yasuoka, May 1993.
\@slashboxa=\box29
\@slashboxb=\box30
\@slashboxc=\box31
\@slashboxwd=\count105
\@slashboxht=\count106
\@slashsepl=\dimen117
\@slashsepr=\dimen118
) (/usr/local/texlive/2016/texmf-dist/tex/latex/setspace/setspace.sty
Package: setspace 2011/12/19 v6.7a set line spacing
) (/usr/local/texlive/2016/texmf-dist/tex/latex/amsfonts/amsfonts.sty
Package: amsfonts 2013/01/14 v3.01 Basic AMSFonts support
\symAMSa=\mathgroup4
\symAMSb=\mathgroup5
LaTeX Font Info:    Overwriting math alphabet `\mathfrak' in version `bold'
(Font)                  U/euf/m/n --> U/euf/b/n on input line 106.
) (/usr/local/texlive/2016/texmf-dist/tex/latex/tools/dcolumn.sty
Package: dcolumn 2014/10/28 v1.06 decimal alignment package (DPC)
 (/usr/local/texlive/2016/texmf-dist/tex/latex/tools/array.sty
Package: array 2014/10/28 v2.4c Tabular extension package (FMi)
\col@sep=\dimen119
\extrarowheight=\dimen120
\NC@list=\toks22
\extratabsurround=\skip50
\backup@length=\skip51
)) (/usr/local/texlive/2016/texmf-dist/tex/latex/multirow/multirow.sty
\bigstrutjot=\dimen121
) (/usr/local/texlive/2016/texmf-dist/tex/latex/url/url.sty
\Urlmuskip=\muskip11
Package: url 2013/09/16  ver 3.4  Verb mode for urls, etc.
) (/usr/local/texlive/2016/texmf-dist/tex/latex/amsfonts/amssymb.sty
Package: amssymb 2013/01/14 v3.01 AMS font symbols
) (/usr/local/texlive/2016/texmf-dist/tex/latex/psnfss/times.sty
Package: times 2005/04/12 PSNFSS-v9.2a (SPQR) 
) (/usr/local/texlive/2016/texmf-dist/tex/latex/fontspec/fontspec.sty (/usr/local/texlive/2016/texmf-dist/tex/latex/l3kernel/expl3.sty
Package: expl3 2016/05/18 v6512 L3 programming layer (loader) 
 (/usr/local/texlive/2016/texmf-dist/tex/latex/l3kernel/expl3-code.tex
Package: expl3 2016/05/18 v6512 L3 programming layer (code)
L3 Module: l3bootstrap 2016/02/12 v6412 L3 Bootstrap code
\ucharcat@table=\catcodetable5
L3 Module: l3names 2016/03/11 v6433 L3 Namespace for primitives
L3 Module: l3basics 2015/11/22 v6315 L3 Basic definitions
L3 Module: l3expan 2015/09/10 v5983 L3 Argument expansion
L3 Module: l3tl 2016/03/26 v6465 L3 Token lists
L3 Module: l3str 2016/03/24 v6441 L3 Strings
L3 Module: l3seq 2015/08/05 v5777 L3 Sequences and stacks
L3 Module: l3int 2016/03/24 v6441 L3 Integers
\c_max_int=\count107
\l_tmpa_int=\count108
\l_tmpb_int=\count109
\g_tmpa_int=\count110
\g_tmpb_int=\count111
L3 Module: l3quark 2015/08/17 v5855 L3 Quarks
L3 Module: l3prg 2015/11/01 v6216 L3 Control structures
\g__prg_map_int=\count112
L3 Module: l3clist 2015/09/02 v5901 L3 Comma separated lists
L3 Module: l3token 2016/04/03 v6470 L3 Experimental token manipulation
L3 Module: l3prop 2016/01/05 v6366 L3 Property lists
L3 Module: l3msg 2016/03/26 v6464 L3 Messages
L3 Module: l3file 2016/03/25 v6458 L3 File and I/O operations
\l_iow_line_count_int=\count113
\l__iow_target_count_int=\count114
\l__iow_current_line_int=\count115
\l__iow_current_word_int=\count116
\l__iow_current_indentation_int=\count117
L3 Module: l3skip 2016/01/05 v6366 L3 Dimensions and skips
\c_zero_dim=\dimen122
\c_max_dim=\dimen123
\l_tmpa_dim=\dimen124
\l_tmpb_dim=\dimen125
\g_tmpa_dim=\dimen126
\g_tmpb_dim=\dimen127
\c_zero_skip=\skip52
\c_max_skip=\skip53
\l_tmpa_skip=\skip54
\l_tmpb_skip=\skip55
\g_tmpa_skip=\skip56
\g_tmpb_skip=\skip57
\c_zero_muskip=\muskip12
\c_max_muskip=\muskip13
\l_tmpa_muskip=\muskip14
\l_tmpb_muskip=\muskip15
\g_tmpa_muskip=\muskip16
\g_tmpb_muskip=\muskip17
L3 Module: l3keys 2015/11/17 v6284 L3 Key-value interfaces
\g__keyval_level_int=\count118
\l_keys_choice_int=\count119
L3 Module: l3fp 2016/03/26 v6465 L3 Floating points
\c__fp_leading_shift_int=\count120
\c__fp_middle_shift_int=\count121
\c__fp_trailing_shift_int=\count122
\c__fp_big_leading_shift_int=\count123
\c__fp_big_middle_shift_int=\count124
\c__fp_big_trailing_shift_int=\count125
\c__fp_Bigg_leading_shift_int=\count126
\c__fp_Bigg_middle_shift_int=\count127
\c__fp_Bigg_trailing_shift_int=\count128
L3 Module: l3box 2015/08/09 v5822 L3 Experimental boxes
\c_empty_box=\box32
\l_tmpa_box=\box33
\l_tmpb_box=\box34
\g_tmpa_box=\box35
\g_tmpb_box=\box36
L3 Module: l3coffins 2016/05/17 v6508 L3 Coffin code layer
\l__coffin_internal_box=\box37
\l__coffin_internal_dim=\dimen128
\l__coffin_offset_x_dim=\dimen129
\l__coffin_offset_y_dim=\dimen130
\l__coffin_x_dim=\dimen131
\l__coffin_y_dim=\dimen132
\l__coffin_x_prime_dim=\dimen133
\l__coffin_y_prime_dim=\dimen134
\c_empty_coffin=\box38
\l__coffin_aligned_coffin=\box39
\l__coffin_aligned_internal_coffin=\box40
\l_tmpa_coffin=\box41
\l_tmpb_coffin=\box42
\l__coffin_display_coffin=\box43
\l__coffin_display_coord_coffin=\box44
\l__coffin_display_pole_coffin=\box45
\l__coffin_display_offset_dim=\dimen135
\l__coffin_display_x_dim=\dimen136
\l__coffin_display_y_dim=\dimen137
L3 Module: l3color 2014/08/23 v5354 L3 Experimental color support
L3 Module: l3sys 2015/09/25 v6087 L3 Experimental system/runtime functions
L3 Module: l3candidates 2016/05/13 v6484 L3 Experimental additions to l3kernel
\l__box_top_dim=\dimen138
\l__box_bottom_dim=\dimen139
\l__box_left_dim=\dimen140
\l__box_right_dim=\dimen141
\l__box_top_new_dim=\dimen142
\l__box_bottom_new_dim=\dimen143
\l__box_left_new_dim=\dimen144
\l__box_right_new_dim=\dimen145
\l__box_internal_box=\box46
\l__coffin_bounding_shift_dim=\dimen146
\l__coffin_left_corner_dim=\dimen147
\l__coffin_right_corner_dim=\dimen148
\l__coffin_bottom_corner_dim=\dimen149
\l__coffin_top_corner_dim=\dimen150
\l__coffin_scaled_total_height_dim=\dimen151
\l__coffin_scaled_width_dim=\dimen152
L3 Module: l3luatex 2016/03/26 v6465 L3 Experimental LuaTeX-specific functions
) (/usr/local/texlive/2016/texmf-dist/tex/latex/l3kernel/l3pdfmode.def
File: l3pdfmode.def 2016/03/26 v6465 L3 Experimental driver: PDF mode
\l__driver_color_stack_int=\count129
\l__driver_tmp_box=\box47
)) (/usr/local/texlive/2016/texmf-dist/tex/latex/l3packages/xparse/xparse.sty
Package: xparse 2016/05/18 v6512 L3 Experimental document command parser
\l__xparse_current_arg_int=\count130
\l__xparse_m_args_int=\count131
\l__xparse_mandatory_args_int=\count132
\l__xparse_processor_int=\count133
\l__xparse_v_nesting_int=\count134
)
Package: fontspec 2016/02/01 v2.5a Font selection for XeLaTeX and LuaLaTeX
 (/usr/local/texlive/2016/texmf-dist/tex/luatex/luaotfload/luaotfload.sty
Package: luaotfload 2016/04/21 v2.7 OpenType layout system
Lua module: luaotfload-main 2016/04/21 2.70002 OpenType layout system.
Lua module: lualibs 2016-04-06 2.4 ConTeXt Lua standard libraries.
Lua module: lualibs-extended 2016-04-06 2.4 ConTeXt Lua libraries -- extended collection.(using write cache: /Users/mmngreco/Library/texlive/2016/texmf-var/luatex-cache/generic)(using read cache: /usr/local/texlive/2016/texmf-var/luatex-cache/generic /Users/mmngreco/Library/texlive/2016/texmf-var/luatex-cache/generic)
luaotfload | conf : Root cache directory is /Users/mmngreco/Library/texlive/2016/texmf-var/luatex-cache/generic/names.
luaotfload | init : Loading fontloader “fontloader-2016-05-04.lua” from kpse-resolved path “/usr/local/texlive/2016/texmf-dist/tex/luatex/luaotfload/fontloader-2016-05-04.lua”.
Lua-only attribute luaotfload@state = 1
Lua-only attribute luaotfload@noligature = 2
Lua-only attribute luaotfload@syllabe = 3
luaotfload | init : Context OpenType loader version “3.019”
Inserting `luaotfload.node_processor' at position 1 in `pre_linebreak_filter'.
Inserting `luaotfload.node_processor' at position 1 in `hpack_filter'.
Inserting `luaotfload.define_font' at position 1 in `define_font'.
Lua-only attribute luaotfload_color_attribute = 4
luaotfload | conf : Root cache directory is /Users/mmngreco/Library/texlive/2016/texmf-var/luatex-cache/generic/names.
Inserting `luaotfload.aux.set_sscale_dimens' at position 1 in `luaotfload.patch_font'.
Inserting `luaotfload.aux.patch_cambria_domh' at position 2 in `luaotfload.patch_font'.
Inserting `luaotfload.aux.fixup_fontdata' at position 1 in `luaotfload.patch_font_unsafe'.
Inserting `luaotfload.aux.set_capheight' at position 3 in `luaotfload.patch_font'.
Inserting `luaotfload.rewrite_fontname' at position 4 in `luaotfload.patch_font'.
luaotfload | main : initialization completed in 0.279 seconds)
Lua module: fontspec 2016/02/01 2.5a Advanced font selection for LuaLaTeX. (/usr/local/texlive/2016/texmf-dist/tex/latex/fontspec/fontspec-luatex.sty
Package: fontspec-luatex 2016/02/01 v2.5a Font selection for XeLaTeX and LuaLaTeX
\l_fontspec_script_int=\count135
\l_fontspec_language_int=\count136
\l_fontspec_strnum_int=\count137
\l__fontspec_tmpa_dim=\dimen153
\l__fontspec_tmpb_dim=\dimen154
\l__fontspec_tmpc_dim=\dimen155
\g__file_internal_ior=\read1
 (/usr/local/texlive/2016/texmf-dist/tex/latex/base/fontenc.sty
Package: fontenc 2005/09/27 v1.99g Standard LaTeX package
 (/usr/local/texlive/2016/texmf-dist/tex/latex/euenc/eu2enc.def
File: eu2enc.def 2010/05/27 v0.1h Experimental Unicode font encodings
)
LaTeX Font Info:    Try loading font information for EU2+lmr on input line 105.
 (/usr/local/texlive/2016/texmf-dist/tex/latex/euenc/eu2lmr.fd
File: eu2lmr.fd 2009/10/30 v1.6 Font defs for Latin Modern
)
luaotfload | db : Font names database loaded from /Users/mmngreco/Library/texlive/2016/texmf-var/luatex-cache/generic/names/luaotfload-names.luc(compiling luc: /usr/local/texlive/2016/texmf-var/luatex-cache/generic/fonts/otl/lmroman10-regular.luc)(load luc: /Users/mmngreco/Library/texlive/2016/texmf-var/luatex-cache/generic/fonts/otl/lmroman10-regular.luc))(compiling luc: /usr/local/texlive/2016/texmf-var/luatex-cache/generic/fonts/otl/lmroman12-regular.luc)(load luc: /Users/mmngreco/Library/texlive/2016/texmf-var/luatex-cache/generic/fonts/otl/lmroman12-regular.luc) (/usr/local/texlive/2016/texmf-dist/tex/xelatex/xunicode/xunicode.sty
File: xunicode.sty 2011/09/09 v0.981 provides access to latin accents and many other characters in Unicode lower plane

(/usr/local/texlive/2016/texmf-dist/tex/latex/tipa/t3enc.def
File: t3enc.def 2001/12/31 T3 encoding
(compiling luc: /usr/local/texlive/2016/texmf-var/luatex-cache/generic/fonts/otl/lmromanslant12-regular.luc)(load luc: /Users/mmngreco/Library/texlive/2016/texmf-var/luatex-cache/generic/fonts/otl/lmromanslant12-regular.luc)(compiling luc: /usr/local/texlive/2016/texmf-var/luatex-cache/generic/fonts/otl/lmroman12-italic.luc)(load luc: /Users/mmngreco/Library/texlive/2016/texmf-var/luatex-cache/generic/fonts/otl/lmroman12-italic.luc)(compiling luc: /usr/local/texlive/2016/texmf-var/luatex-cache/generic/fonts/otl/lmroman12-bold.luc)(load luc: /Users/mmngreco/Library/texlive/2016/texmf-var/luatex-cache/generic/fonts/otl/lmroman12-bold.luc)
LaTeX Font Info:    Try loading font information for EU2+lmss on input line 357.
 (/usr/local/texlive/2016/texmf-dist/tex/latex/euenc/eu2lmss.fd
File: eu2lmss.fd 2009/10/30 v1.6 Font defs for Latin Modern
)(compiling luc: /usr/local/texlive/2016/texmf-var/luatex-cache/generic/fonts/otl/lmsans12-regular.luc)(load luc: /Users/mmngreco/Library/texlive/2016/texmf-var/luatex-cache/generic/fonts/otl/lmsans12-regular.luc))
\tipaTiiicode=\count138
\tipasavetokens=\toks23
\tipachecktokens=\toks24
)
.................................................
. LaTeX info: "xparse/define-command"
. 
. Defining command \__fontspec_post_arg:w with sig. 'mmO{}' on line 356.
.................................................
.................................................
. LaTeX info: "xparse/define-command"
. 
. Defining command \fontspec with sig. 'om' on line 358.
.................................................
.................................................
. LaTeX info: "xparse/define-command"
. 
. Defining command \setmainfont with sig. 'om' on line 368.
.................................................
.................................................
. LaTeX info: "xparse/define-command"
. 
. Defining command \setsansfont with sig. 'om' on line 378.
.................................................
.................................................
. LaTeX info: "xparse/define-command"
. 
. Defining command \setmonofont with sig. 'om' on line 388.
.................................................
.................................................
. LaTeX info: "xparse/define-command"
. 
. Defining command \setmathrm with sig. 'om' on line 402.
.................................................
.................................................
. LaTeX info: "xparse/define-command"
. 
. Defining command \setboldmathrm with sig. 'om' on line 410.
.................................................
.................................................
. LaTeX info: "xparse/define-command"
. 
. Defining command \setmathsf with sig. 'om' on line 418.
.................................................
.................................................
. LaTeX info: "xparse/define-command"
. 
. Defining command \setmathtt with sig. 'om' on line 426.
.................................................
.................................................
. LaTeX info: "xparse/define-command"
. 
. Defining command \newfontfamily with sig. 'mom' on line 440.
.................................................
.................................................
. LaTeX info: "xparse/define-command"
. 
. Defining command \newfontface with sig. 'mom' on line 456.
.................................................
.................................................
. LaTeX info: "xparse/define-command"
. 
. Defining command \defaultfontfeatures with sig. 't+om' on line 470.
.................................................
.................................................
. LaTeX info: "xparse/define-command"
. 
. Defining command \addfontfeatures with sig. 'm' on line 533.
.................................................
.................................................
. LaTeX info: "xparse/define-command"
. 
. Defining command \newfontfeature with sig. 'mm' on line 544.
.................................................
.................................................
. LaTeX info: "xparse/define-command"
. 
. Defining command \newAATfeature with sig. 'mmmm' on line 552.
.................................................
.................................................
. LaTeX info: "xparse/define-command"
. 
. Defining command \newopentypefeature with sig. 'mmm' on line 560.
.................................................
.................................................
. LaTeX info: "xparse/define-command"
. 
. Defining command \aliasfontfeature with sig. 'mm' on line 581.
.................................................
.................................................
. LaTeX info: "xparse/define-command"
. 
. Defining command \aliasfontfeatureoption with sig. 'mmm' on line 590.
.................................................
.................................................
. LaTeX info: "xparse/define-command"
. 
. Defining command \newfontscript with sig. 'mm' on line 594.
.................................................
.................................................
. LaTeX info: "xparse/define-command"
. 
. Defining command \newfontlanguage with sig. 'mm' on line 598.
.................................................
.................................................
. LaTeX info: "xparse/define-command"
. 
. Defining command \DeclareFontsExtensions with sig. 'm' on line 603.
.................................................
\l__fontspec_tmp_int=\count139

(/usr/local/texlive/2016/texmf-dist/tex/latex/fontspec/fontspec.cfg)
LaTeX Info: Redefining \itshape on input line 2629.
LaTeX Info: Redefining \slshape on input line 2634.
LaTeX Info: Redefining \scshape on input line 2639.
LaTeX Info: Redefining \upshape on input line 2644.
\l__fontspec_em_int=\count140
\l__fontspec_emdef_int=\count141
LaTeX Info: Redefining \em on input line 2660.
LaTeX Info: Redefining \emph on input line 2666.
LaTeX Info: Redefining \- on input line 2670.
.................................................
. LaTeX info: "xparse/redefine-command"
. 
. Redefining command \oldstylenums with sig. 'm' on line 2765.
.................................................
.................................................
. LaTeX info: "xparse/define-command"
. 
. Defining command \liningnums with sig. 'm' on line 2769.
.................................................
)) (/usr/local/texlive/2016/texmf-dist/tex/latex/booktabs/booktabs.sty
Package: booktabs 2016/04/27 v1.618033 publication quality tables
\heavyrulewidth=\dimen156
\lightrulewidth=\dimen157
\cmidrulewidth=\dimen158
\belowrulesep=\dimen159
\belowbottomsep=\dimen160
\aboverulesep=\dimen161
\abovetopsep=\dimen162
\cmidrulesep=\dimen163
\cmidrulekern=\dimen164
\defaultaddspace=\dimen165
\@cmidla=\count142
\@cmidlb=\count143
\@aboverulesep=\dimen166
\@belowrulesep=\dimen167
\@thisruleclass=\count144
\@lastruleclass=\count145
\@thisrulewidth=\dimen168
) (/usr/local/texlive/2016/texmf-dist/tex/latex/geometry/geometry.sty
Package: geometry 2010/09/12 v5.6 Page Geometry
 (/usr/local/texlive/2016/texmf-dist/tex/generic/oberdiek/ifpdf.sty
Package: ifpdf 2016/05/14 v3.1 Provides the ifpdf switch
) (/usr/local/texlive/2016/texmf-dist/tex/generic/oberdiek/ifvtex.sty
Package: ifvtex 2016/05/16 v1.6 Detect VTeX and its facilities (HO)
Package ifvtex Info: VTeX not detected.
) (/usr/local/texlive/2016/texmf-dist/tex/generic/ifxetex/ifxetex.sty
Package: ifxetex 2010/09/12 v0.6 Provides ifxetex conditional
)
\Gm@cnth=\count146
\Gm@cntv=\count147
\c@Gm@tempcnt=\count148
\Gm@bindingoffset=\dimen169
\Gm@wd@mp=\dimen170
\Gm@odd@mp=\dimen171
\Gm@even@mp=\dimen172
\Gm@layoutwidth=\dimen173
\Gm@layoutheight=\dimen174
\Gm@layouthoffset=\dimen175
\Gm@layoutvoffset=\dimen176
\Gm@dimlist=\toks25
) (/usr/local/texlive/2016/texmf-dist/tex/latex/cite/cite.sty
LaTeX Info: Redefining \cite on input line 302.
LaTeX Info: Redefining \nocite on input line 332.
Package: cite 2015/02/27  v 5.5
) (/usr/local/texlive/2016/texmf-dist/tex/latex/caption/caption.sty
Package: caption 2016/02/21 v3.3-144 Customizing captions (AR)
 (/usr/local/texlive/2016/texmf-dist/tex/latex/caption/caption3.sty
Package: caption3 2016/02/04 v1.7-139 caption3 kernel (AR)
Package caption3 Info: TeX engine: e-TeX on input line 67.
\captionmargin=\dimen177
\captionmargin@=\dimen178
\captionwidth=\dimen179
\caption@tempdima=\dimen180
\caption@indent=\dimen181
\caption@parindent=\dimen182
\caption@hangindent=\dimen183
)
\c@ContinuedFloat=\count149
Package caption Info: rotating package is loaded.
)
luaotfload | cache : Lookup cache loaded from /Users/mmngreco/Library/texlive/2016/texmf-var/luatex-cache/generic/names/luaotfload-lookup-cache.luc.(compiling luc: /usr/local/texlive/2016/texmf-var/luatex-cache/generic/fonts/otl/times-new-roman.luc)(load luc: /Users/mmngreco/Library/texlive/2016/texmf-var/luatex-cache/generic/fonts/otl/times-new-roman.luc)
\g__fontspec_family_TimesNewRoman_int=\count150
(compiling luc: /usr/local/texlive/2016/texmf-var/luatex-cache/generic/fonts/otl/times-new-roman-bold-italic.luc)(load luc: /Users/mmngreco/Library/texlive/2016/texmf-var/luatex-cache/generic/fonts/otl/times-new-roman-bold-italic.luc)(compiling luc: /usr/local/texlive/2016/texmf-var/luatex-cache/generic/fonts/otl/times-new-roman-bold.luc)(load luc: /Users/mmngreco/Library/texlive/2016/texmf-var/luatex-cache/generic/fonts/otl/times-new-roman-bold.luc)(compiling luc: /usr/local/texlive/2016/texmf-var/luatex-cache/generic/fonts/otl/times-new-roman-italic.luc)(load luc: /Users/mmngreco/Library/texlive/2016/texmf-var/luatex-cache/generic/fonts/otl/times-new-roman-italic.luc)
luaotfload | aux : font no 22 (<unknown>) does not define feature smcp for script latn with language dflt
luaotfload | aux : no font with id 22
luaotfload | aux : font no 24 (<unknown>) does not define feature smcp for script latn with language dflt
luaotfload | aux : no font with id 24
luaotfload | aux : font no 25 (<unknown>) does not define feature smcp for script latn with language dflt
luaotfload | aux : no font with id 25
luaotfload | aux : font no 23 (<unknown>) does not define feature smcp for script latn with language dflt
luaotfload | aux : no font with id 23
.................................................
. fontspec info: "defining-font"
. 
. Font family 'TimesNewRoman(0)' created for font 'Times New Roman' with
. options [Ligatures=TeX].
. 
. This font family consists of the following NFSS series/shapes:
. - 'normal' (m/n) with NFSS spec.:
. <->"TimesNewRoman:mode=node;script=latn;language=DFLT;+tlig;"
. - 'small caps'  (m/sc) with NFSS spec.: - 'bold' (bx/n) with NFSS spec.:
. <->"TimesNewRoman/B:mode=node;script=latn;language=DFLT;+tlig;"
. - 'bold small caps'  (bx/sc) with NFSS spec.: - 'italic' (m/it) with NFSS
. spec.: <->"TimesNewRoman/I:mode=node;script=latn;language=DFLT;+tlig;"
. - 'italic small caps'  (m/itsc) with NFSS spec.: - 'bold italic' (bx/it)
. with NFSS spec.:
. <->"TimesNewRoman/BI:mode=node;script=latn;language=DFLT;+tlig;"
. - 'bold italic small caps'  (bx/itsc) with NFSS spec.: 
.................................................
 (./chipre.aux
LaTeX Info: Redefining \. on input line 6.
LaTeX Info: Redefining \% on input line 6.
)
\openout1 = chipre.aux

LaTeX Font Info:    Checking defaults for OML/cmm/m/it on input line 37.
LaTeX Font Info:    ... okay on input line 37.
LaTeX Font Info:    Checking defaults for T1/cmr/m/n on input line 37.
LaTeX Font Info:    ... okay on input line 37.
LaTeX Font Info:    Checking defaults for OT1/cmr/m/n on input line 37.
LaTeX Font Info:    ... okay on input line 37.
LaTeX Font Info:    Checking defaults for OMS/cmsy/m/n on input line 37.
LaTeX Font Info:    ... okay on input line 37.
LaTeX Font Info:    Checking defaults for OMX/cmex/m/n on input line 37.
LaTeX Font Info:    ... okay on input line 37.
LaTeX Font Info:    Checking defaults for U/cmr/m/n on input line 37.
LaTeX Font Info:    ... okay on input line 37.
LaTeX Font Info:    Checking defaults for EU2/lmr/m/n on input line 37.
LaTeX Font Info:    ... okay on input line 37.
LaTeX Font Info:    Checking defaults for T3/cmr/m/n on input line 37.
LaTeX Font Info:    Try loading font information for T3+cmr on input line 37.
 (/usr/local/texlive/2016/texmf-dist/tex/latex/tipa/t3cmr.fd
File: t3cmr.fd 2001/12/31 TIPA font definitions
)
LaTeX Font Info:    ... okay on input line 37.
 (/usr/local/texlive/2016/texmf-dist/tex/context/base/mkii/supp-pdf.mkii
[Loading MPS to PDF converter (version 2006.09.02).]
\scratchcounter=\count151
\scratchdimen=\dimen184
\scratchbox=\box48
\nofMPsegments=\count152
\nofMParguments=\count153
\everyMPshowfont=\toks26
\MPscratchCnt=\count154
\MPscratchDim=\dimen185
\MPnumerator=\count155
\makeMPintoPDFobject=\count156
\everyMPtoPDFconversion=\toks27
) (/usr/local/texlive/2016/texmf-dist/tex/latex/oberdiek/epstopdf-base.sty
Package: epstopdf-base 2016/05/15 v2.6 Base part for package epstopdf
 (/usr/local/texlive/2016/texmf-dist/tex/latex/oberdiek/grfext.sty
Package: grfext 2016/05/16 v1.2 Manage graphics extensions (HO)
 (/usr/local/texlive/2016/texmf-dist/tex/generic/oberdiek/kvdefinekeys.sty
Package: kvdefinekeys 2016/05/16 v1.4 Define keys (HO)
)) (/usr/local/texlive/2016/texmf-dist/tex/latex/oberdiek/kvoptions.sty
Package: kvoptions 2016/05/16 v3.12 Key value format for package options (HO)
 (/usr/local/texlive/2016/texmf-dist/tex/generic/oberdiek/kvsetkeys.sty
Package: kvsetkeys 2016/05/16 v1.17 Key value parser (HO)
 (/usr/local/texlive/2016/texmf-dist/tex/generic/oberdiek/etexcmds.sty
Package: etexcmds 2016/05/16 v1.6 Avoid name clashes with e-TeX commands (HO)
 (/usr/local/texlive/2016/texmf-dist/tex/generic/oberdiek/ifluatex.sty
Package: ifluatex 2016/05/16 v1.4 Provides the ifluatex switch (HO)
Package ifluatex Info: LuaTeX detected.
)))) (/usr/local/texlive/2016/texmf-dist/tex/generic/oberdiek/pdftexcmds.sty
Package: pdftexcmds 2016/05/10 v0.21 Utility functions of pdfTeX for LuaTeX (HO)
Package pdftexcmds Info: \pdf@primitive is available.
Package pdftexcmds Info: \pdf@ifprimitive is available.
Package pdftexcmds Info: \pdfdraftmode not found.
 (/usr/local/texlive/2016/texmf-dist/tex/generic/oberdiek/luatex-loader.sty
Package: luatex-loader 2016/05/16 v0.6 Lua module loader (HO)

(/usr/local/texlive/2016/texmf-dist/scripts/oberdiek/oberdiek.luatex.lua))
\pdftexcmds@toks=\toks28
)
Package epstopdf-base Info: Redefining graphics rule for `.eps' on input line 438.
Package grfext Info: Graphics extension search list:
(grfext)             [.pdf,.eps]
(grfext)             \AppendGraphicsExtensions on input line 456.
 (/usr/local/texlive/2016/texmf-dist/tex/latex/latexconfig/epstopdf-sys.cfg
File: epstopdf-sys.cfg 2010/07/13 v1.3 Configuration of (r)epstopdf for TeX Live
))
LaTeX Info: Redefining \. on input line 37.
LaTeX Info: Redefining \% on input line 37.
.................................................
. fontspec info: "setup-math"
. 
. Adjusting the maths setup (use [no-math] to avoid this).
.................................................
\symlegacymaths=\mathgroup6
LaTeX Font Info:    Overwriting symbol font `legacymaths' in version `bold'
(Font)                  OT1/cmr/m/n --> OT1/cmr/bx/n on input line 37.
LaTeX Font Info:    Redeclaring math accent \acute on input line 37.
LaTeX Font Info:    Redeclaring math accent \grave on input line 37.
LaTeX Font Info:    Redeclaring math accent \ddot on input line 37.
LaTeX Font Info:    Redeclaring math accent \tilde on input line 37.
LaTeX Font Info:    Redeclaring math accent \bar on input line 37.
LaTeX Font Info:    Redeclaring math accent \breve on input line 37.
LaTeX Font Info:    Redeclaring math accent \check on input line 37.
LaTeX Font Info:    Redeclaring math accent \hat on input line 37.
LaTeX Font Info:    Redeclaring math accent \dot on input line 37.
LaTeX Font Info:    Redeclaring math accent \mathring on input line 37.
LaTeX Font Info:    Redeclaring math symbol \Gamma on input line 37.
LaTeX Font Info:    Redeclaring math symbol \Delta on input line 37.
LaTeX Font Info:    Redeclaring math symbol \Theta on input line 37.
LaTeX Font Info:    Redeclaring math symbol \Lambda on input line 37.
LaTeX Font Info:    Redeclaring math symbol \Xi on input line 37.
LaTeX Font Info:    Redeclaring math symbol \Pi on input line 37.
LaTeX Font Info:    Redeclaring math symbol \Sigma on input line 37.
LaTeX Font Info:    Redeclaring math symbol \Upsilon on input line 37.
LaTeX Font Info:    Redeclaring math symbol \Phi on input line 37.
LaTeX Font Info:    Redeclaring math symbol \Psi on input line 37.
LaTeX Font Info:    Redeclaring math symbol \Omega on input line 37.
LaTeX Font Info:    Redeclaring math symbol \mathdollar on input line 37.
LaTeX Font Info:    Redeclaring symbol font `operators' on input line 37.
LaTeX Font Info:    Encoding `OT1' has changed to `EU2' for symbol font
(Font)              `operators' in the math version `normal' on input line 37.
LaTeX Font Info:    Overwriting symbol font `operators' in version `normal'
(Font)                  OT1/cmr/m/n --> EU2/TimesNewRoman(0)/m/n on input line 37.
LaTeX Font Info:    Encoding `OT1' has changed to `EU2' for symbol font
(Font)              `operators' in the math version `bold' on input line 37.
LaTeX Font Info:    Overwriting symbol font `operators' in version `bold'
(Font)                  OT1/cmr/bx/n --> EU2/TimesNewRoman(0)/m/n on input line 37.
LaTeX Font Info:    Overwriting symbol font `operators' in version `normal'
(Font)                  EU2/TimesNewRoman(0)/m/n --> EU2/TimesNewRoman(0)/m/n on input line 37.
LaTeX Font Info:    Overwriting math alphabet `\mathit' in version `normal'
(Font)                  OT1/cmr/m/it --> EU2/TimesNewRoman(0)/m/it on input line 37.
LaTeX Font Info:    Overwriting math alphabet `\mathbf' in version `normal'
(Font)                  OT1/cmr/bx/n --> EU2/TimesNewRoman(0)/bx/n on input line 37.
LaTeX Font Info:    Overwriting math alphabet `\mathsf' in version `normal'
(Font)                  OT1/cmss/m/n --> EU2/lmss/m/n on input line 37.
LaTeX Font Info:    Overwriting math alphabet `\mathtt' in version `normal'
(Font)                  OT1/cmtt/m/n --> EU2/lmtt/m/n on input line 37.
LaTeX Font Info:    Overwriting symbol font `operators' in version `bold'
(Font)                  EU2/TimesNewRoman(0)/m/n --> EU2/TimesNewRoman(0)/bx/n on input line 37.
LaTeX Font Info:    Overwriting math alphabet `\mathit' in version `bold'
(Font)                  OT1/cmr/bx/it --> EU2/TimesNewRoman(0)/bx/it on input line 37.
LaTeX Font Info:    Overwriting math alphabet `\mathsf' in version `bold'
(Font)                  OT1/cmss/bx/n --> EU2/lmss/bx/n on input line 37.
LaTeX Font Info:    Overwriting math alphabet `\mathtt' in version `bold'
(Font)                  OT1/cmtt/m/n --> EU2/lmtt/bx/n on input line 37.

*geometry* driver: auto-detecting
*geometry* detected driver: pdftex
*geometry* verbose mode - [ preamble ] result:
* driver: pdftex
* paper: a4paper
* layout: <same size as paper>
* layoutoffset:(h,v)=(0.0pt,0.0pt)
* modes: twoside 
* h-part:(L,W,R)=(85.35826pt, 426.79135pt, 85.35826pt)
* v-part:(T,H,B)=(71.13188pt, 702.78308pt, 71.13188pt)
* \paperwidth=597.50787pt
* \paperheight=845.04684pt
* \textwidth=426.79135pt
* \textheight=702.78308pt
* \oddsidemargin=13.08827pt
* \evensidemargin=13.08827pt
* \topmargin=-33.0119pt
* \headheight=12.0pt
* \headsep=19.8738pt
* \topskip=12.0pt
* \footskip=30.0pt
* \marginparwidth=88.0pt
* \marginparsep=7.0pt
* \columnsep=10.0pt
* \skip\footins=10.8pt plus 4.0pt minus 2.0pt
* \hoffset=0.0pt
* \voffset=0.0pt
* \mag=1000
* \@twocolumnfalse
* \@twosidetrue
* \@mparswitchtrue
* \@reversemarginfalse
* (1in=72.27pt=25.4mm, 1cm=28.453pt)

Package caption Info: Begin \AtBeginDocument code.
Package caption Info: End \AtBeginDocument code.
Package epstopdf Info: Source file: <../imgs/logo_uz.eps>
(epstopdf)                    date: 2016-09-21 11:28:34
(epstopdf)                    size: 1150666 bytes
(epstopdf)             Output file: <../imgs/logo_uz-eps-converted-to.pdf>
(epstopdf)                    date: 2016-10-10 18:10:56
(epstopdf)                    size: 28766 bytes
(epstopdf)             Command: <repstopdf --outfile=../imgs/logo_uz-eps-converted-to.pdf ../imgs/logo_uz.eps>
(epstopdf)             \includegraphics on input line 45.
Package epstopdf Info: Output file is already uptodate.
<../imgs/logo_uz-eps-converted-to.pdf, id=1, 771.88374pt x 245.91875pt>
File: ../imgs/logo_uz-eps-converted-to.pdf Graphic file (type pdf)
 <use ../imgs/logo_uz-eps-converted-to.pdf>
Package luatex.def Info: ../imgs/logo_uz-eps-converted-to.pdf used on input line 45.
(luatex.def)             Requested size: 178.6131pt x 56.9055pt.
Package epstopdf Info: Source file: <../imgs/logo_fecem.eps>
(epstopdf)                    date: 2016-09-21 11:28:21
(epstopdf)                    size: 4585321 bytes
(epstopdf)             Output file: <../imgs/logo_fecem-eps-converted-to.pdf>
(epstopdf)                    date: 2016-10-10 18:10:57
(epstopdf)                    size: 159309 bytes
(epstopdf)             Command: <repstopdf --outfile=../imgs/logo_fecem-eps-converted-to.pdf ../imgs/logo_fecem.eps>
(epstopdf)             \includegraphics on input line 47.
Package epstopdf Info: Output file is already uptodate.
 <../imgs/logo_fecem-eps-converted-to.pdf, id=2, 1606.0pt x 472.76625pt>
File: ../imgs/logo_fecem-eps-converted-to.pdf Graphic file (type pdf)
 <use ../imgs/logo_fecem-eps-converted-to.pdf>
Package luatex.def Info: ../imgs/logo_fecem-eps-converted-to.pdf used on input line 47.
(luatex.def)             Requested size: 193.29982pt x 56.9055pt.
 [1


{/usr/local/texlive/2016/texmf-var/fonts/map/pdftex/updmap/pdftex.map}<../imgs/logo_uz-eps-converted-to.pdf><../imgs/logo_fecem-eps-converted-to.pdf>]
LaTeX Font Info:    Font shape `EU2/TimesNewRoman(0)/m/sl' in size <12> not available
(Font)              Font shape `EU2/TimesNewRoman(0)/m/it' tried instead on input line 84.
 [2

]
Capítulo 1.
<../imgs/mapa.pdf, id=23, 505.89pt x 657.65701pt>
File: ../imgs/mapa.pdf Graphic file (type pdf)
 <use ../imgs/mapa.pdf>
Package luatex.def Info: ../imgs/mapa.pdf used on input line 94.
(luatex.def)             Requested size: 256.0748pt x 332.90192pt.

Underfull \vbox (badness 10000) has occurred while \output is active []

 [3<../imgs/mapa.pdf>] <../imgs/mapa_distritos.png, id=45, 642.4pt x 390.45876pt>
File: ../imgs/mapa_distritos.png Graphic file (type png)
 <use ../imgs/mapa_distritos.png>
Package luatex.def Info: ../imgs/mapa_distritos.png used on input line 127.
(luatex.def)             Requested size: 256.0748pt x 155.65047pt.
LaTeX Info: Redefining \. on input line 148.
LaTeX Info: Redefining \% on input line 148.
 [4]
LaTeX Info: Redefining \. on input line 169.
LaTeX Info: Redefining \% on input line 169.
 [5<../imgs/mapa_distritos.png>]
LaTeX Font Info:    Try loading font information for U+msa on input line 175.
 (/usr/local/texlive/2016/texmf-dist/tex/latex/amsfonts/umsa.fd
File: umsa.fd 2013/01/14 v3.01 AMS symbols A
)
LaTeX Font Info:    Try loading font information for U+msb on input line 175.
 (/usr/local/texlive/2016/texmf-dist/tex/latex/amsfonts/umsb.fd
File: umsb.fd 2013/01/14 v3.01 AMS symbols B
) <../imgs/rri_0.pdf, id=53, 722.7pt x 361.35pt>
File: ../imgs/rri_0.pdf Graphic file (type pdf)
 <use ../imgs/rri_0.pdf>
Package luatex.def Info: ../imgs/rri_0.pdf used on input line 180.
(luatex.def)             Requested size: 301.12152pt x 150.55846pt.
LaTeX Info: Redefining \. on input line 186.
LaTeX Info: Redefining \% on input line 186.
 [6<../imgs/rri_0.pdf>]
LaTeX Info: Redefining \. on input line 188.
LaTeX Info: Redefining \% on input line 188.
 [7]
LaTeX Info: Redefining \. on input line 188.
LaTeX Info: Redefining \% on input line 188.
 [8

]
Capítulo 2.
<../imgs/ev_nominal.pdf, id=104, 578.16pt x 433.62pt>
File: ../imgs/ev_nominal.pdf Graphic file (type pdf)
 <use ../imgs/ev_nominal.pdf>
Package luatex.def Info: ../imgs/ev_nominal.pdf used on input line 229.
(luatex.def)             Requested size: 301.12152pt x 225.84099pt.
 [9<../imgs/ev_nominal.pdf>]

LaTeX Warning: No positions in optional float specifier.
               Default added (so using `tbp') on input line 240.

Package epstopdf Info: Source file: <../imgs/ev_m.eps>
(epstopdf)                    date: 2016-10-18 17:30:15
(epstopdf)                    size: 32833 bytes
(epstopdf)             Output file: <../imgs/ev_m-eps-converted-to.pdf>
(epstopdf)                    date: 2016-10-13 17:42:34
(epstopdf)                    size: 29598 bytes
(epstopdf)             Command: <repstopdf --outfile=../imgs/ev_m-eps-converted-to.pdf ../imgs/ev_m.eps>
(epstopdf)             \includegraphics on input line 283.
system(repstopdf --outfile=../imgs/ev_m-eps-converted-to.pdf ../imgs/ev_m.eps) executed.
Package epstopdf Info: Result file: <../imgs/ev_m-eps-converted-to.pdf>
(epstopdf)                    date: 2016-10-13 17:42:34
(epstopdf)                    size: 29598 bytes.
<../imgs/ev_m-eps-converted-to.pdf, id=152, 722.7pt x 361.35pt>
File: ../imgs/ev_m-eps-converted-to.pdf Graphic file (type pdf)
 <use ../imgs/ev_m-eps-converted-to.pdf>
Package luatex.def Info: ../imgs/ev_m-eps-converted-to.pdf used on input line 283.
(luatex.def)             Requested size: 301.12152pt x 150.55846pt.
LaTeX Info: Redefining \. on input line 288.
LaTeX Info: Redefining \% on input line 288.
 [10<../imgs/ev_m-eps-converted-to.pdf>]
LaTeX Info: Redefining \. on input line 288.
LaTeX Info: Redefining \% on input line 288.
 [11]
LaTeX Info: Redefining \. on input line 288.
LaTeX Info: Redefining \% on input line 288.
 [12]
Capítulo 3.
<../imgs/pie_mgeo.pdf, id=210, 722.7pt x 361.35pt>
File: ../imgs/pie_mgeo.pdf Graphic file (type pdf)
 <use ../imgs/pie_mgeo.pdf>
Package luatex.def Info: ../imgs/pie_mgeo.pdf used on input line 298.
(luatex.def)             Requested size: 351.30844pt x 175.65152pt.
 <../imgs/bar_mgeo.pdf, id=211, 722.7pt x 433.62pt>
File: ../imgs/bar_mgeo.pdf Graphic file (type pdf)
 <use ../imgs/bar_mgeo.pdf>
Package luatex.def Info: ../imgs/bar_mgeo.pdf used on input line 306.
(luatex.def)             Requested size: 351.30844pt x 210.78183pt.
 [13

<../imgs/pie_mgeo.pdf>] <../imgs/pie_xgeo.pdf, id=257, 722.7pt x 361.35pt>
File: ../imgs/pie_xgeo.pdf Graphic file (type pdf)
 <use ../imgs/pie_xgeo.pdf>
Package luatex.def Info: ../imgs/pie_xgeo.pdf used on input line 317.
(luatex.def)             Requested size: 351.30844pt x 175.65152pt.
 <../imgs/bar_xgeo.pdf, id=258, 722.7pt x 433.62pt>
File: ../imgs/bar_xgeo.pdf Graphic file (type pdf)
 <use ../imgs/bar_xgeo.pdf>
Package luatex.def Info: ../imgs/bar_xgeo.pdf used on input line 325.
(luatex.def)             Requested size: 351.30844pt x 210.78183pt.
LaTeX Info: Redefining \. on input line 333.
LaTeX Info: Redefining \% on input line 333.
 [14<../imgs/bar_mgeo.pdf><../imgs/pie_xgeo.pdf>]
./chipre.tex:342: Double subscript.
l.342 dónde, $T_i_
                 j$ es el valor del comercio entre el país _i_ y el país _...
I treat `x_1_2' essentially like `x_1{}_2'.

./chipre.tex:342: Missing $ inserted.
<inserted text> 
$
l.342 ...$ es el valor del comercio entre el país _
                                                  i_ y el país _j_, $Y_i^a$...
I've inserted a begin-math/end-math symbol since I think
you left one out. Proceed, with fingers crossed.

./chipre.tex:342: Double subscript.
l.342 ...es el valor del comercio entre el país _i_
                                                   y el país _j_, $Y_i^a$ e...
I treat `x_1_2' essentially like `x_1{}_2'.

./chipre.tex:342: Double subscript.
l.342 ... comercio entre el país _i_ y el país _j_
                                                  , $Y_i^a$ es el PIB del pa...
I treat `x_1_2' essentially like `x_1{}_2'.

Missing character: There is no í (U+00ED) in font cmmi12!
Missing character: There is no í (U+00ED) in font cmmi12!
./chipre.tex:342: Missing $ inserted.
<inserted text> 
$
l.342 ...rcio entre el país _i_ y el país _j_, $Y_
                                                  i^a$ es el PIB del país _...
I've inserted a begin-math/end-math symbol since I think
you left one out. Proceed, with fingers crossed.

./chipre.tex:342: Missing $ inserted.
<inserted text> 
$
l.342 ...el país _j_, $Y_i^a$ es el PIB del país _
                                                  i_, $Y_j^b$ es el PIB del ...
I've inserted a begin-math/end-math symbol since I think
you left one out. Proceed, with fingers crossed.

./chipre.tex:342: Double subscript.
l.342 ... país _j_, $Y_i^a$ es el PIB del país _i_
                                                  , $Y_j^b$ es el PIB del pa...
I treat `x_1_2' essentially like `x_1{}_2'.

./chipre.tex:342: Missing $ inserted.
<inserted text> 
$
l.342 ...s _j_, $Y_i^a$ es el PIB del país _i_, $Y_
                                                  j^b$ es el PIB del país j...
I've inserted a begin-math/end-math symbol since I think
you left one out. Proceed, with fingers crossed.

./chipre.tex:342: Double subscript.
l.342 ... _i_, $Y_j^b$ es el PIB del país j y $D_i_
                                                  j$ es la distancia entre l...
I treat `x_1_2' essentially like `x_1{}_2'.

[15<../imgs/bar_xgeo.pdf>]
LaTeX Info: Redefining \. on input line 346.
LaTeX Info: Redefining \% on input line 346.
 [16

]
Capítulo 4.
[17]
LaTeX Info: Redefining \. on input line 349.
LaTeX Info: Redefining \% on input line 349.
 [18

]
Capítulo 5.
[19]
LaTeX Info: Redefining \. on input line 352.
LaTeX Info: Redefining \% on input line 352.
 [20

]
Capítulo 6.
<../imgs/cuadrantes2.pdf, id=407, 867.24pt x 433.62pt>
File: ../imgs/cuadrantes2.pdf Graphic file (type pdf)
 <use ../imgs/cuadrantes2.pdf>
Package luatex.def Info: ../imgs/cuadrantes2.pdf used on input line 360.
(luatex.def)             Requested size: 401.49536pt x 200.75122pt.
 [21<../imgs/cuadrantes2.pdf>]
LaTeX Info: Redefining \. on input line 366.
LaTeX Info: Redefining \% on input line 366.
 [22

]
Capítulo 7.

LaTeX Warning: Reference `anexo' on page 23 undefined on input line 368.

./chipre.tex:370: You can't use `macro parameter character #' in horizontal mode.
l.370 ...n un indice de especialización mayor que #
                                                  ## y un índice de depende...
Sorry, but I'm not programmed to handle this case;
I'll just pretend that you didn''t ask for it.
If you're in the wrong mode, you might be able to
return to the right one by typing `I}' or `I$' or `I\par'.

./chipre.tex:370: You can't use `macro parameter character #' in horizontal mode.
l.370 ... un indice de especialización mayor que ##
                                                  # y un índice de dependec...
Sorry, but I'm not programmed to handle this case;
I'll just pretend that you didn''t ask for it.
If you're in the wrong mode, you might be able to
return to the right one by typing `I}' or `I$' or `I\par'.

./chipre.tex:370: You can't use `macro parameter character #' in horizontal mode.
l.370 ...un indice de especialización mayor que ###
                                                   y un índice de dependeci...
Sorry, but I'm not programmed to handle this case;
I'll just pretend that you didn''t ask for it.
If you're in the wrong mode, you might be able to
return to the right one by typing `I}' or `I$' or `I\par'.

./chipre.tex:370: You can't use `macro parameter character #' in horizontal mode.
l.370 ... ### y un índice de dependecia mayor que #
                                                  ##.
Sorry, but I'm not programmed to handle this case;
I'll just pretend that you didn''t ask for it.
If you're in the wrong mode, you might be able to
return to the right one by typing `I}' or `I$' or `I\par'.

./chipre.tex:370: You can't use `macro parameter character #' in horizontal mode.
l.370 ...### y un índice de dependecia mayor que ##
                                                  #.
Sorry, but I'm not programmed to handle this case;
I'll just pretend that you didn''t ask for it.
If you're in the wrong mode, you might be able to
return to the right one by typing `I}' or `I$' or `I\par'.

./chipre.tex:370: You can't use `macro parameter character #' in horizontal mode.
l.370 ...## y un índice de dependecia mayor que ###
                                                  .
Sorry, but I'm not programmed to handle this case;
I'll just pretend that you didn''t ask for it.
If you're in the wrong mode, you might be able to
return to the right one by typing `I}' or `I$' or `I\par'.

<../imgs/cuadrantes.pdf, id=447, 1084.05pt x 1228.59pt>
File: ../imgs/cuadrantes.pdf Graphic file (type pdf)
 <use ../imgs/cuadrantes.pdf>
Package luatex.def Info: ../imgs/cuadrantes.pdf used on input line 376.
(luatex.def)             Requested size: 451.68228pt x 511.89874pt.

Overfull \hbox (24.89093pt too wide) in paragraph at lines 376--377
 [][] 
 []

./chipre.tex:407: Extra alignment tab has been changed to \cr.
<template> ...il \d@llarbegin \relax \d@llarend \endtemplate 
                                                  
l.407     }
         
You have given more \span or & marks than there were
in the preamble to the \halign or \valign now in progress.
So I'll assume that you meant to type \cr instead.

<../imgs/esp_c2.pdf, id=448, 289.08pt x 289.08pt>
File: ../imgs/esp_c2.pdf Graphic file (type pdf)
 <use ../imgs/esp_c2.pdf>
Package luatex.def Info: ../imgs/esp_c2.pdf used on input line 414.
(luatex.def)             Requested size: 250.9346pt x 250.93295pt.

./chipre.tex:441: Extra alignment tab has been changed to \cr.
<template> ...il \d@llarbegin \relax \d@llarend \endtemplate 
                                                  
l.441     }
         
You have given more \span or & marks than there were
in the preamble to the \halign or \valign now in progress.
So I'll assume that you meant to type \cr instead.

<../imgs/esp_c3.pdf, id=449, 289.08pt x 722.7pt>
File: ../imgs/esp_c3.pdf Graphic file (type pdf)
 <use ../imgs/esp_c3.pdf>
Package luatex.def Info: ../imgs/esp_c3.pdf used on input line 448.
(luatex.def)             Requested size: 250.9346pt x 627.3324pt.

./chipre.tex:469: Extra alignment tab has been changed to \cr.
<template> ...il \d@llarbegin \relax \d@llarend \endtemplate 
                                                  
l.469     }
         
You have given more \span or & marks than there were
in the preamble to the \halign or \valign now in progress.
So I'll assume that you meant to type \cr instead.

<../imgs/esp_c4.pdf, id=450, 289.08pt x 578.16pt>
File: ../imgs/esp_c4.pdf Graphic file (type pdf)
 <use ../imgs/esp_c4.pdf>
Package luatex.def Info: ../imgs/esp_c4.pdf used on input line 476.
(luatex.def)             Requested size: 250.9346pt x 501.86592pt.
 [23]
LaTeX Info: Redefining \. on input line 481.
LaTeX Info: Redefining \% on input line 481.
 [24] [25<../imgs/cuadrantes.pdf>]
LaTeX Info: Redefining \. on input line 481.
LaTeX Info: Redefining \% on input line 481.
 [26<../imgs/esp_c2.pdf>] [27<../imgs/esp_c3.pdf>]
LaTeX Info: Redefining \. on input line 481.
LaTeX Info: Redefining \% on input line 481.
 [28<../imgs/esp_c4.pdf>]
Capítulo 8.
[29

]
LaTeX Info: Redefining \. on input line 483.
LaTeX Info: Redefining \% on input line 483.
 [30

]
Capítulo 9.
[31]
LaTeX Info: Redefining \. on input line 487.
LaTeX Info: Redefining \% on input line 487.
 [32

]
Capítulo 10.
[33]
LaTeX Info: Redefining \. on input line 561.
LaTeX Info: Redefining \% on input line 561.
 [34]

LaTeX Warning: No positions in optional float specifier.
               Default added (so using `tbp') on input line 592.

[35]
LaTeX Info: Redefining \. on input line 705.
LaTeX Info: Redefining \% on input line 705.
 [36] (./chipre.bbl

Package natbib Warning: Empty `thebibliography' environment on input line 3.

)

./chipre.tex:711: LaTeX Error: \begin{enumerate} on input line 136 ended by \end{document}.

See the LaTeX manual or LaTeX Companion for explanation.
Type  H <return>  for immediate help.
 ...                                              
                                                  
l.711 \end{document}
                  
Your command was ignored.
Type  I <command> <return>  to replace it with another command,
or  <return>  to continue without it.

[37


] (./chipre.aux
LaTeX Info: Redefining \. on input line 6.
LaTeX Info: Redefining \% on input line 6.
)

LaTeX Warning: There were undefined references.

)
(\end occurred inside a group at level 3)

### semi simple group (level 3) entered at line 136 (\begingroup)
### semi simple group (level 2) entered at line 107 (\begingroup)
### semi simple group (level 1) entered at line 36 (\begingroup)
### bottom level

Here is how much of LuaTeX's memory you used:
 18883 strings out of 495119
 195334,460012 words of node,token memory allocated
 2237 words of node memory still in use:
   8 hlist, 2 vlist, 3 rule, 209 glue, 1 kern, 67 attribute, 62 glue_spec, 67 attribute_list, 2 shape, 1 write nodes
   avail lists: 2:1502,3:148,4:23,5:323,6:15573,7:3904,8:221,9:786,10:14,11:2769
 21763 multiletter control sequences out of 65536+600000
 53 fonts using 10373495 bytes
 38i,14n,62p,952b,1682s stack positions out of 5000i,500n,10000p,200000b,100000s
</Library/Fonts/Times New Roman Italic.ttf></Library/Fonts/Times New Roman Bold.ttf></Library/Fonts/Times New Roman.ttf></usr/local/texlive/2016/texmf-dist/fonts/type1/public/amsfonts/cm/cmex10.pfb></usr/local/texlive/2016/texmf-dist/fonts/type1/public/amsfonts/cmextra/cmex8.pfb></usr/local/texlive/2016/texmf-dist/fonts/type1/public/amsfonts/cm/cmmi12.pfb></usr/local/texlive/2016/texmf-dist/fonts/type1/public/amsfonts/cm/cmmi6.pfb></usr/local/texlive/2016/texmf-dist/fonts/type1/public/amsfonts/cm/cmmi8.pfb></usr/local/texlive/2016/texmf-dist/fonts/type1/public/amsfonts/cm/cmr12.pfb></usr/local/texlive/2016/texmf-dist/fonts/type1/public/amsfonts/cm/cmsy10.pfb></usr/local/texlive/2016/texmf-dist/fonts/type1/public/amsfonts/cm/cmsy8.pfb>
Output written on chipre.pdf (37 pages, 1209312 bytes).

PDF statistics: 736 PDF objects out of 1000 (max. 8388607)
 264 compressed objects within 3 object streams
 0 named destinations out of 1000 (max. 131072)
 1 words of extra memory for PDF output out of 10000 (max. 10000000)

